<?xml version="1.0" encoding="UTF-8" ?>
<testsuite errors="0" failures="1" hostname="IPG" name="org.netbeans.modules.compapp.catd.ConfiguredTest" tests="1" time="30.094" timestamp="2007-11-26T03:52:14">
  <properties>
    <property name="netbeans.autoupdate.country" value="US" />
    <property name="com.sun.jbi.sa.internal.routing" value="true" />
    <property name="javax.xml.parsers.SAXParserFactory" value="org.netbeans.core.startup.SAXFactoryImpl" />
    <property name="libs.Encoder-HL7.javadoc" value="" />
    <property name="resource.ReservationBPEL" value="../ReservationBPEL/setup" />
    <property name="libs.DataBindingME.src" value="" />
    <property name="libs.j2me_ant_ext.javadoc" value="" />
    <property name="source.root" value="src" />
    <property name="org.openide.TopManager.GUI" value="true" />
    <property name="libs.theme-default.classpath" value="C:\Program Files\NetBeans 6.1 200711210000\visualweb1\modules\ext\defaulttheme.jar" />
    <property name="libs.proguard.javadoc" value="" />
    <property name="libs.junit.javadoc" value="C:\Program Files\NetBeans 6.1 200711210000\java1\docs\junit-3.8.2-api.zip" />
    <property name="libs.nsicom-ant-utils.src" value="" />
    <property name="libs.nokiaS80-ant-utils.javadoc" value="" />
    <property name="ant.core.lib" value="C:\Program Files\NetBeans 6.1 200711210000\java1\ant\lib\ant.jar" />
    <property name="deployments.Scp.default.deployment.scp.userid" value="" />
    <property name="libs.swing-app-framework.src" value="" />
    <property name="deployment.WindowsMobile.scriptfile" value="C:\Program Files\NetBeans 6.1 200711210000\mobility8\modules\scr\deploy-wm-impl.xml" />
    <property name="libs.jakarta_slide_ant_webdav.javadoc" value="" />
    <property name="javadoc.windowtitle" value="" />
    <property name="libs.toplink.classpath" value="C:\Program Files\NetBeans 6.1 200711210000\java1\modules\ext\toplink\toplink-essentials.jar;C:\Program Files\NetBeans 6.1 200711210000\java1\modules\ext\toplink\toplink-essentials-agent.jar" />
    <property name="user.dir" value="E:\work\AirAlliance\AirAlliance_SA" />
    <property name="libs.theme-default-green.classpath" value="C:\Program Files\NetBeans 6.1 200711210000\visualweb1\modules\ext\defaulttheme-green.jar" />
    <property name="libs.JMUnit4CLDC10.javadoc" value="C:\Program Files\NetBeans 6.1 200711210000\mobility8\modules\docs\jmunit-1.0.1-api.zip" />
    <property name="java.vm.version" value="1.6.0_03-b05" />
    <property name="libs.DataBindingME.classpath" value="C:\Program Files\NetBeans 6.1 200711210000\mobility8\modules\ext\netbeans_databindingme.jar" />
    <property name="libs.jstl11.maven-pom" value="" />
    <property name="libs.nsicom-ant-utils.classpath" value="" />
    <property name="libs.MySQLDriver.classpath" value="C:\Program Files\NetBeans 6.1 200711210000\ide8\modules\ext\mysql-connector-java-5.0.7-bin.jar" />
    <property name="jbi.content.additional" value="../ReservationBPEL/build/SEDeployment.jar" />
    <property name="libs.jstl11.src" value="" />
    <property name="javadoc.notree" value="false" />
    <property name="deployments.WebDAV.default.deployment.webdav.server" value="" />
    <property name="netbeans.autoupdate.version" value="1.23" />
    <property name="libs.DataBindingME-PIM.maven-pom" value="" />
    <property name="libs.exceptionhandler-runtime.maven-pom" value="" />
    <property name="libs.NetBeans MIDP Components.maven-pom" value="" />
    <property name="jdk.home" value="C:\Program Files\Java\jdk1.6.0_03" />
    <property name="reference.ReservationBPEL.dist_se" value="../ReservationBPEL/build/SEDeployment.jar" />
    <property name="libs.javac-api.src" value="" />
    <property name="javadoc.noindex" value="false" />
    <property name="libs.theme-default-green.runtime" value="C:\Program Files\NetBeans 6.1 200711210000\visualweb1\modules\ext\defaulttheme-green.jar" />
    <property name="sun.os.patch.level" value="Service Pack 2" />
    <property name="deployments.WebDAV.default.deployment.webdav.port" value="80" />
    <property name="libs.theme-default-gray.runtime" value="C:\Program Files\NetBeans 6.1 200711210000\visualweb1\modules\ext\defaulttheme-gray.jar" />
    <property name="java.vm.specification.name" value="Java Virtual Machine Specification" />
    <property name="libs.semc-ant-utils.classpath" value="C:\Program Files\NetBeans 6.1 200711210000\mobility8\modules\ext\org-netbeans-modules-j2me-cdc-project-semc.jar" />
    <property name="libs.Encoder-Custom.javadoc" value="" />
    <property name="libs.jdbcsupport-runtime.classpath" value="C:\Program Files\NetBeans 6.1 200711210000\visualweb1\modules\ext\sqlx.jar" />
    <property name="libs.nokiadeployment.classpath" value="C:\Program Files\NetBeans 6.1 200711210000\mobility8\modules\org-netbeans-modules-mobility-deployment-nokia.jar" />
    <property name="netbeans.autoupdate.variant" value="" />
    <property name="have.tests" value="true" />
    <property name="libs.nokiaS80-ant-utils.maven-pom" value="" />
    <property name="libs.jdbcsupport-designtime.classpath" value="C:\Program Files\NetBeans 6.1 200711210000\visualweb1\modules\ext\sqlx.jar" />
    <property name="org.xml.sax.driver" value="com.sun.org.apache.xerces.internal.jaxp.SAXParserImpl$JAXPSAXParser" />
    <property name="libs.nb_svg_midp_components.src" value="C:\Program Files\NetBeans 6.1 200711210000\mobility8\sources\nb_svg_midp_components-src.zip" />
    <property name="j2ee.server.instance" value="[C:\Program Files\glassfish-v2]deployer:Sun:AppServer::localhost:4848" />
    <property name="libs.NetBeans MIDP Components WMA.src" value="C:\Program Files\NetBeans 6.1 200711210000\mobility8\sources\netbeans_midp_components_wma-src.zip" />
    <property name="libs.javac-api.javadoc" value="" />
    <property name="os.name" value="Windows XP" />
    <property name="libs.beans-binding.classpath" value="C:\Program Files\NetBeans 6.1 200711210000\java1\modules\ext\beansbinding-1.2.1.jar" />
    <property name="libs.DataBindingME-SVG.javadoc" value="C:\Program Files\NetBeans 6.1 200711210000\mobility8\modules\docs\netbeans_databindingme_svg-api.zip" />
    <property name="rave.build" value="thresher-fcs" />
    <property name="java.vendor.url.bug" value="http://java.sun.com/cgi-bin/bugreport.cgi" />
    <property name="libs.nsicom-ant-utils.javadoc" value="" />
    <property name="os.arch" value="x86" />
    <property name="libs.Encoder-Custom.classpath" value="C:\Documents and Settings\TOSHIBA\.netbeans\dev\modules\ext\encoder\custom.jar;C:\Documents and Settings\TOSHIBA\.netbeans\dev\modules\ext\encoder\customencoder-xsdextension.jar" />
    <property name="user.name" value="TOSHIBA" />
    <property name="libs.jsf12.javadoc" value="C:\Program Files\NetBeans 6.1 200711210000\enterprise4\docs\javaee5-doc-api.zip" />
    <property name="libs.jaxb21.maven-pom" value="" />
    <property name="libs.swing-layout.maven-pom" value="" />
    <property name="build.classes.dir" value="build/jar" />
    <property name="netbeans.accept_license_class" value="org.netbeans.license.AcceptLicense" />
    <property name="libs.jaxws21.javadoc" value="C:\Program Files\NetBeans 6.1 200711210000\java1\docs\jaxws-2_1-api-doc.zip" />
    <property name="libs.jbi.maven-pom" value="" />
    <property name="javax.xml.parsers.DocumentBuilderFactory" value="org.netbeans.core.startup.DOMFactoryImpl" />
    <property name="user.country" value="US" />
    <property name="libs.jstl11.javadoc" value="C:\Program Files\NetBeans 6.1 200711210000\enterprise4\docs\javaee5-doc-api.zip" />
    <property name="libs.JMUnit4CLDC11.src" value="" />
    <property name="javadoc.encoding" value="" />
    <property name="libs.jsfsupport-designtime.javadoc" value="C:\Program Files\NetBeans 6.1 200711210000\visualweb1\docs\appbase-doc.zip;C:\Program Files\NetBeans 6.1 200711210000\visualweb1\docs\dataprovider-doc.zip;C:\Program Files\NetBeans 6.1 200711210000\visualweb1\docs\jsfcl-doc.zip" />
    <property name="libs.JAVADB_DRIVER_LABEL.src" value="" />
    <property name="meta.inf" value="src/conf" />
    <property name="netbeans.system_http_non_proxy_hosts" value="" />
    <property name="netbeans.home" value="C:\Program Files\NetBeans 6.1 200711210000\platform7" />
    <property name="build.compiler.emacs" value="true" />
    <property name="libs.nokiaS80-ant-utils.src" value="" />
    <property name="libs.jdbcsupport-runtime.javadoc" value="" />
    <property name="libs.cdc-pp-awt-layout.javadoc" value="" />
    <property name="libs.j2me_ant_ext.classpath" value="C:\Program Files\NetBeans 6.1 200711210000\mobility8\modules\org-netbeans-modules-mobility-antext.jar;C:\Program Files\NetBeans 6.1 200711210000\ide8\modules\org-netbeans-modules-classfile.jar" />
    <property name="java.endorsed.dirs" value="C:\Program Files\Java\jdk1.6.0_03\jre\lib\endorsed" />
    <property name="netbeans.dynamic.classpath" value="C:\Program Files\NetBeans 6.1 200711210000\platform7\core\core.jar;C:\Program Files\NetBeans 6.1 200711210000\platform7\core\org-openide-filesystems.jar;C:\Program Files\NetBeans 6.1 200711210000\nb6.0\core\org-netbeans-upgrader.jar;C:\Program Files\NetBeans 6.1 200711210000\nb6.0\core\locale\core_nb.jar" />
    <property name="libs.cdc-agui-swing-layout.maven-pom" value="" />
    <property name="libs.cdc-pp-awt-layout.src" value="C:\Program Files\NetBeans 6.1 200711210000\mobility8\sources\cdc-pp-awt-layout-src.zip" />
    <property name="java.vm.specification.version" value="1.0" />
    <property name="libs.jakarta_slide_ant_webdav.src" value="" />
    <property name="libs.JMUnit4CLDC10.maven-pom" value="" />
    <property name="libs.jaxws21.src" value="" />
    <property name="platforms.Sun_Java_TM__Wireless_Toolkit_2_5_2_for_CLDC.preverifycommandline" value="" />
    <property name="libs.swing-app-framework.classpath" value="C:\Program Files\NetBeans 6.1 200711210000\java1\modules\ext\appframework-1.0.3.jar;C:\Program Files\NetBeans 6.1 200711210000\java1\modules\ext\swing-worker-1.1.jar" />
    <property name="netbeans.autoupdate.language" value="en" />
    <property name="libs.jakarta_slide_ant_webdav.classpath" value="C:\Program Files\NetBeans 6.1 200711210000\mobility8\modules\ext\commons-httpclient-3.0.1.jar;C:\Program Files\NetBeans 6.1 200711210000\ide8\modules\ext\commons-logging-1.0.4.jar;C:\Documents and Settings\TOSHIBA\.netbeans\dev\modules\ext\jdom-1.0.jar;C:\Program Files\NetBeans 6.1 200711210000\mobility8\modules\ext\jakarta-slide-webdavlib-2.1.jar;C:\Program Files\NetBeans 6.1 200711210000\mobility8\modules\ext\jakarta-slide-ant-webdav-2.1.jar" />
    <property name="org.netbeans.core.startup.specialResource" value="nullcom.sun.jdo.api.persistence.mapping.ejb" />
    <property name="libs.Encoder-Framework.javadoc" value="" />
    <property name="java.vendor" value="Sun Microsystems Inc." />
    <property name="libs.JMUnit4CLDC10.src" value="" />
    <property name="javac.debug" value="true" />
    <property name="javadoc.splitindex" value="true" />
    <property name="file.separator" value="\" />
    <property name="libs.IdentityAntTasks.src" value="" />
    <property name="libs.ActiveSync.classpath" value="C:\Program Files\NetBeans 6.1 200711210000\mobility8\modules\ext\nbactivesync-5.0.jar" />
    <property name="platforms.Sun_Java_TM__Wireless_Toolkit_2_5_2_for_CLDC.home" value="C:\Program Files\NetBeans 6.1 200711210000\mobility8\WTK2.5.2" />
    <property name="libs.junit_4.maven-pom" value="" />
    <property name="deployments.Scp.default.deployment.scp.keyfile" value="" />
    <property name="netbeans.buildnumber" value="200711210000" />
    <property name="user.variant" value="" />
    <property name="libs.webui-runtime.classpath" value="C:\Program Files\NetBeans 6.1 200711210000\visualweb1\modules\ext\webui.jar;C:\Program Files\NetBeans 6.1 200711210000\enterprise4\modules\ext\commons-fileupload-1.0.jar" />
    <property name="sun.java.launcher" value="SUN_STANDARD" />
    <property name="libs.junit.classpath" value="C:\Program Files\NetBeans 6.1 200711210000\java1\modules\ext\junit-3.8.2.jar" />
    <property name="libs.struts.classpath" value="C:\Program Files\NetBeans 6.1 200711210000\enterprise4\modules\ext\struts\antlr.jar;C:\Program Files\NetBeans 6.1 200711210000\enterprise4\modules\ext\struts\commons-beanutils.jar;C:\Program Files\NetBeans 6.1 200711210000\enterprise4\modules\ext\struts\commons-digester.jar;C:\Program Files\NetBeans 6.1 200711210000\enterprise4\modules\ext\struts\commons-logging.jar;C:\Program Files\NetBeans 6.1 200711210000\enterprise4\modules\ext\struts\commons-validator.jar;C:\Program Files\NetBeans 6.1 200711210000\enterprise4\modules\ext\struts\jakarta-oro.jar;C:\Program Files\NetBeans 6.1 200711210000\enterprise4\modules\ext\struts\struts.jar;C:\Program Files\NetBeans 6.1 200711210000\enterprise4\modules\ext\commons-fileupload-1.0.jar" />
    <property name="libs.woodstock-theme-default.classpath" value="C:\Program Files\NetBeans 6.1 200711210000\visualweb1\modules\ext\webui-jsf-suntheme.jar" />
    <property name="ant.home" value="C:\Program Files\NetBeans 6.1 200711210000\java1\ant" />
    <property name="libs.junit_4.src" value="" />
    <property name="libs.ricoh-ant-utils.maven-pom" value="" />
    <property name="libs.absolutelayout.maven-pom" value="" />
    <property name="ant.java.version" value="1.6" />
    <property name="java.library.path" value="C:\Program Files\Java\jdk1.6.0_03\jre\bin;.;C:\WINDOWS\Sun\Java\bin;C:\WINDOWS\system32;C:\WINDOWS;C:\WINDOWS\system32;C:\WINDOWS;C:\WINDOWS\System32\Wbem" />
    <property name="javadoc.author" value="false" />
    <property name="libs.IdentityAntTasks.classpath" value="C:\Program Files\NetBeans 6.1 200711210000\identity1\ant\nblib\org-netbeans-modules-identity-ant.jar;C:\Program Files\NetBeans 6.1 200711210000\identity1\modules\org-netbeans-modules-identity-profile-api.jar" />
    <property name="libs.Encoder-HL7.classpath" value="C:\Documents and Settings\TOSHIBA\.netbeans\dev\modules\ext\encoder\hl7.jar;C:\Documents and Settings\TOSHIBA\.netbeans\dev\modules\ext\encoder\hl7encoder-xsdextension.jar" />
    <property name="java.util.logging.config.class" value="org.netbeans.core.startup.TopLogging" />
    <property name="libs.PostgreSQLDriver.src" value="" />
    <property name="deployment.WebDAV.scriptfile" value="C:\Program Files\NetBeans 6.1 200711210000\mobility8\modules\scr\deploy-webdav-impl.xml" />
    <property name="sun.arch.data.model" value="32" />
    <property name="basedir" value="E:\work\AirAlliance\AirAlliance_SA" />
    <property name="libs.ActiveSync.src" value="" />
    <property name="jar.compress" value="false" />
    <property name="libs.NetBeans MIDP Components PDA.src" value="C:\Program Files\NetBeans 6.1 200711210000\mobility8\sources\netbeans_midp_components_pda-src.zip" />
    <property name="libs.jstl11.classpath" value="C:\Program Files\NetBeans 6.1 200711210000\enterprise4\modules\ext\standard.jar;C:\Program Files\NetBeans 6.1 200711210000\enterprise4\modules\ext\jstl.jar" />
    <property name="path.separator" value=";" />
    <property name="com.sun.aas.installRoot" value="C:\Program Files\glassfish-v2" />
    <property name="sun.io.unicode.encoding" value="UnicodeLittle" />
    <property name="libs.semc-ant-utils.javadoc" value="" />
    <property name="libs.jaxws21.classpath" value="C:\Program Files\NetBeans 6.1 200711210000\java1\modules\ext\jaxws21\activation.jar;C:\Program Files\NetBeans 6.1 200711210000\java1\modules\ext\jaxws21\FastInfoset.jar;C:\Program Files\NetBeans 6.1 200711210000\java1\modules\ext\jaxws21\http.jar;C:\Program Files\NetBeans 6.1 200711210000\java1\modules\ext\jaxws21\api\jaxb-api.jar;C:\Program Files\NetBeans 6.1 200711210000\java1\modules\ext\jaxws21\jaxb-impl.jar;C:\Program Files\NetBeans 6.1 200711210000\java1\modules\ext\jaxws21\jaxb-xjc.jar;C:\Program Files\NetBeans 6.1 200711210000\java1\modules\ext\jaxws21\api\jaxws-api.jar;C:\Program Files\NetBeans 6.1 200711210000\java1\modules\ext\jaxws21\jaxws-rt.jar;C:\Program Files\NetBeans 6.1 200711210000\java1\modules\ext\jaxws21\jaxws-tools.jar;C:\Program Files\NetBeans 6.1 200711210000\java1\modules\ext\jaxws21\api\jsr173_api.jar;C:\Program Files\NetBeans 6.1 200711210000\java1\modules\ext\jaxws21\api\jsr181-api.jar;C:\Program Files\NetBeans 6.1 200711210000\java1\modules\ext\jaxws21\api\jsr250-api.jar;C:\Program Files\NetBeans 6.1 200711210000\java1\modules\ext\jaxws21\api\saaj-api.jar;C:\Program Files\NetBeans 6.1 200711210000\java1\modules\ext\jaxws21\saaj-impl.jar;C:\Program Files\NetBeans 6.1 200711210000\java1\modules\ext\jaxws21\sjsxp.jar;C:\Program Files\NetBeans 6.1 200711210000\java1\modules\ext\jaxws21\stax-ex.jar;C:\Program Files\NetBeans 6.1 200711210000\java1\modules\ext\jaxws21\streambuffer.jar" />
    <property name="libs.struts.src" value="" />
    <property name="deployment.Scp.scriptfile" value="C:\Program Files\NetBeans 6.1 200711210000\mobility8\modules\scr\deploy-scp-impl.xml" />
    <property name="user.language" value="en" />
    <property name="libs.Encoder-Framework.src" value="" />
    <property name="deployments.WebDAV.default.deployment.webdav.password" value="" />
    <property name="deployments.Scp.default.deployment.scp.port" value="22" />
    <property name="ant.file." value="E:\work\AirAlliance\AirAlliance_SA\build.xml" />
    <property name="libs.jaxb21.javadoc" value="" />
    <property name="deployments.DeviceAnywhere.default.deployment.deviceanywhere.password" value="" />
    <property name="libs.Encoder-Framework.classpath" value="C:\Documents and Settings\TOSHIBA\.netbeans\dev\modules\ext\encoder\encoderframework.jar;C:\Documents and Settings\TOSHIBA\.netbeans\dev\modules\ext\encoder\encoderfrmwk-xsdextension.jar;C:\Program Files\NetBeans 6.1 200711210000\soa1\modules\ext\xmlbeans-2.1.0\xbean.jar" />
    <property name="libs.swing-layout.javadoc" value="C:\Program Files\NetBeans 6.1 200711210000\platform7\docs\swing-layout-1.0.3-doc.zip" />
    <property name="deployments.Ftp.default.deployment.ftp.server" value="" />
    <property name="libs.swing-app-framework.javadoc" value="C:\Program Files\NetBeans 6.1 200711210000\java1\docs\appframework-1.0.3-doc.zip" />
    <property name="libs.proguard.classpath" value="C:\Program Files\NetBeans 6.1 200711210000\mobility8\external\proguard\proguard3.7.jar" />
    <property name="libs.DataBindingME-SVG.classpath" value="C:\Program Files\NetBeans 6.1 200711210000\mobility8\modules\ext\netbeans_databindingme_svg.jar" />
    <property name="https.nonProxyHosts" value="localhost|127.0.0.1|IPG" />
    <property name="libs.PostgreSQLDriver.maven-pom" value="" />
    <property name="java.class.version" value="50.0" />
    <property name="libs.JAVADB_DRIVER_LABEL.classpath" value="C:\Program Files\glassfish-v2\javadb\lib\derby.jar;C:\Program Files\glassfish-v2\javadb\lib\derbyclient.jar;C:\Program Files\glassfish-v2\javadb\lib\derbynet.jar" />
    <property name="deployments.Ftp.default.deployment.ftp.password" value="" />
    <property name="libs.cdc-ant-utils.classpath" value="C:\Program Files\NetBeans 6.1 200711210000\mobility8\modules\ext\org-netbeans-modules-j2me-cdc-project.jar" />
    <property name="netbeans.system_http_proxy" value="DIRECT" />
    <property name="libs.NetBeans MIDP Components WMA.maven-pom" value="" />
    <property name="user.properties.file" value="C:\Documents and Settings\TOSHIBA\.netbeans\dev\build.properties" />
    <property name="platforms.Sun_Java_TM__Wireless_Toolkit_2_5_2_for_CLDC.runcommandline" value="" />
    <property name="libs.javac-api.maven-pom" value="" />
    <property name="file.encoding.pkg" value="sun.io" />
    <property name="sun.cpu.endian" value="little" />
    <property name="deployments.Scp.default.deployment.scp.password" value="" />
    <property name="libs.ant-contrib.classpath" value="C:\Program Files\NetBeans 6.1 200711210000\mobility8\modules\ext\ant-contrib-1.0b3.jar" />
    <property name="deployment.DeviceAnywhere.scriptfile" value="C:\Program Files\NetBeans 6.1 200711210000\mobility8\modules\scr\deploy-deviceanywhere-impl.xml" />
    <property name="libs.jaxb21.src" value="" />
    <property name="libs.jsfsupport-designtime.classpath" value="C:\Program Files\NetBeans 6.1 200711210000\visualweb1\modules\ext\jsfcl.jar;C:\Program Files\NetBeans 6.1 200711210000\visualweb1\modules\ext\appbase.jar;C:\Program Files\NetBeans 6.1 200711210000\visualweb1\modules\ext\dataprovider.jar;C:\Program Files\NetBeans 6.1 200711210000\visualweb1\modules\ext\sqlx.jar" />
    <property name="javadoc.preview" value="true" />
    <property name="nbplatform.default.harness.dir" value="C:\Program Files\NetBeans 6.1 200711210000/harness" />
    <property name="libs.wsdl4j.162.javadoc" value="" />
    <property name="java.home" value="C:\Program Files\Java\jdk1.6.0_03\jre" />
    <property name="libs.ricoh-ant-utils.src" value="" />
    <property name="copyfiles.classpath" value="C:\Program Files\NetBeans 6.1 200711210000\enterprise4\ant\extra\copyfiles.jar" />
    <property name="libs.ant-contrib.javadoc" value="" />
    <property name="libs.jbi.classpath" value="C:\Documents and Settings\TOSHIBA\.netbeans\dev\modules\ext\jbi.jar" />
    <property name="netbeans.importclass" value="org.netbeans.upgrade.AutoUpgrade" />
    <property name="libs.webui-designtime.src" value="C:\Program Files\NetBeans 6.1 200711210000\visualweb1\docs\webui-src.zip" />
    <property name="org.openide.TopManager" value="org.netbeans.core.NonGui" />
    <property name="libs.savaje-ant-utils.classpath" value="C:\Program Files\NetBeans 6.1 200711210000\mobility8\modules\ext\org-netbeans-modules-j2me-cdc-project-savaje.jar" />
    <property name="libs.toplink.maven-pom" value="" />
    <property name="libs.wsdl4j.162.src" value="" />
    <property name="libs.DataBindingME.maven-pom" value="" />
    <property name="libs.PostgreSQLDriver.javadoc" value="" />
    <property name="libs.exceptionhandler-runtime.javadoc" value="" />
    <property name="libs.JMUnit4CLDC11.javadoc" value="C:\Program Files\NetBeans 6.1 200711210000\mobility8\modules\docs\jmunit-1.0.1-api.zip" />
    <property name="jbi.service-unit.description" value="Represents this Service Unit" />
    <property name="libs.nsicom-ant-utils.maven-pom" value="" />
    <property name="libs.jsfsupport-runtime.classpath" value="C:\Program Files\NetBeans 6.1 200711210000\visualweb1\modules\ext\jsfcl.jar;C:\Program Files\NetBeans 6.1 200711210000\visualweb1\modules\ext\appbase.jar;C:\Program Files\NetBeans 6.1 200711210000\visualweb1\modules\ext\dataprovider.jar;C:\Program Files\NetBeans 6.1 200711210000\visualweb1\modules\ext\sqlx.jar" />
    <property name="libs.MySQLDriver.maven-pom" value="" />
    <property name="libs.savaje-ant-utils.src" value="" />
    <property name="deployments.DeviceAnywhere.default.deployment.deviceanywhere.userid" value="" />
    <property name="deployment.NokiaDeployment.scriptfile" value="C:\Program Files\NetBeans 6.1 200711210000\mobility8\modules\scr\deploy-nokia-impl.xml" />
    <property name="http.nonProxyHosts" value="localhost|127.0.0.1|IPG" />
    <property name="libs.junit_4.javadoc" value="" />
    <property name="libs.toplink.src" value="" />
    <property name="test.results.dir" value="E:\work\AirAlliance\AirAlliance_SA/test/results" />
    <property name="libs.cdc-pp-awt-layout.classpath" value="C:\Program Files\NetBeans 6.1 200711210000\mobility8\modules\ext\cdc-pp-awt-layout.jar" />
    <property name="libs.webui.javadoc" value="C:\Program Files\NetBeans 6.1 200711210000\visualweb1\docs\webui-doc.zip" />
    <property name="libs.cdc-agui-swing-layout.src" value="C:\Program Files\NetBeans 6.1 200711210000\mobility8\sources\cdc-agui-swing-layout-src.zip" />
    <property name="libs.jsf12-support.javadoc" value="C:\Program Files\NetBeans 6.1 200711210000\visualweb1\docs\appbase-doc.zip;C:\Program Files\NetBeans 6.1 200711210000\visualweb1\docs\dataprovider-doc.zip;C:\Program Files\NetBeans 6.1 200711210000\visualweb1\docs\jsfcl-doc.zip" />
    <property name="deployments.Scp.default.deployment.scp.server" value="" />
    <property name="libs.theme-default.runtime" value="C:\Program Files\NetBeans 6.1 200711210000\visualweb1\modules\ext\defaulttheme.jar" />
    <property name="libs.JMUnit4CLDC11.classpath" value="C:\Program Files\NetBeans 6.1 200711210000\mobility8\modules\ext\jmunit4cldc11-1.0.1.jar" />
    <property name="libs.nb_svg_midp_components.classpath" value="C:\Program Files\NetBeans 6.1 200711210000\mobility8\modules\ext\nb_svg_midp_components.jar" />
    <property name="libs.NetBeans MIDP Components PDA.classpath" value="C:\Program Files\NetBeans 6.1 200711210000\mobility8\modules\ext\netbeans_midp_components_pda.jar" />
    <property name="libs.semc-ant-utils.maven-pom" value="" />
    <property name="deployments.Ftp.default.deployment.ftp.passive" value="false" />
    <property name="libs.jdbcsupport-runtime.maven-pom" value="" />
    <property name="libs.nokiadeployment.maven-pom" value="" />
    <property name="libs.NetBeans MIDP Components.javadoc" value="C:\Program Files\NetBeans 6.1 200711210000\mobility8\modules\docs\netbeans_midp_components_basic-api.zip" />
    <property name="sun.management.compiler" value="HotSpot Client Compiler" />
    <property name="javac.deprecation" value="false" />
    <property name="javadoc.use" value="true" />
    <property name="libs.jdbcsupport-runtime.src" value="" />
    <property name="libs.jdbcsupport-designtime.maven-pom" value="" />
    <property name="libs.theme-default-gray.classpath" value="C:\Program Files\NetBeans 6.1 200711210000\visualweb1\modules\ext\defaulttheme-gray.jar" />
    <property name="platforms.Sun_Java_TM__Wireless_Toolkit_2_5_2_for_CLDC.type" value="UEI-1.0.1" />
    <property name="ant.file" value="E:\work\AirAlliance\AirAlliance_SA\build.xml" />
    <property name="libs.beans-binding.maven-pom" value="" />
    <property name="libs.jsf12.classpath" value="C:\Program Files\NetBeans 6.1 200711210000\enterprise4\modules\ext\jsf-1_2\commons-beanutils.jar;C:\Program Files\NetBeans 6.1 200711210000\enterprise4\modules\ext\jsf-1_2\commons-collections.jar;C:\Program Files\NetBeans 6.1 200711210000\enterprise4\modules\ext\jsf-1_2\commons-digester.jar;C:\Program Files\NetBeans 6.1 200711210000\enterprise4\modules\ext\jsf-1_2\commons-logging.jar;C:\Program Files\NetBeans 6.1 200711210000\enterprise4\modules\ext\jsf-1_2\jsf-api.jar;C:\Program Files\NetBeans 6.1 200711210000\enterprise4\modules\ext\jsf-1_2\jsf-impl.jar" />
    <property name="sun.awt.exception.handler" value="org.netbeans.core.startup.TopLogging$AWTHandler" />
    <property name="libs.Encoder-HL7.src" value="" />
    <property name="libs.beans-binding.src" value="" />
    <property name="libs.NetBeans MIDP Components PDA.javadoc" value="C:\Program Files\NetBeans 6.1 200711210000\mobility8\modules\docs\netbeans_midp_components_pda-api.zip" />
    <property name="java.vm.specification.vendor" value="Sun Microsystems Inc." />
    <property name="libs.DataBindingME-PIM.javadoc" value="C:\Program Files\NetBeans 6.1 200711210000\mobility8\modules\docs\netbeans_databindingme_pim-api.zip" />
    <property name="libs.swing-layout.src" value="C:\Program Files\NetBeans 6.1 200711210000\platform7\docs\swing-layout-1.0.3-src.zip" />
    <property name="libs.webui.src" value="C:\Program Files\NetBeans 6.1 200711210000\visualweb1\docs\webui-src.zip" />
    <property name="libs.j2me_ant_ext.src" value="" />
    <property name="org.openide.major.version" value="IDE/1" />
    <property name="java.vm.name" value="Java HotSpot(TM) Client VM" />
    <property name="libs.Encoder-Custom.maven-pom" value="" />
    <property name="libs.wsdl4j.162.maven-pom" value="" />
    <property name="netbeans.user" value="C:\Documents and Settings\TOSHIBA\.netbeans\dev" />
    <property name="libs.ricoh-ant-utils.classpath" value="C:\Program Files\NetBeans 6.1 200711210000\mobility8\modules\ext\org-netbeans-modules-j2me-cdc-project-ricoh.jar;C:\Program Files\NetBeans 6.1 200711210000\mobility8\modules\ext\RicohAntTasks-2.0.jar;C:\Program Files\NetBeans 6.1 200711210000\mobility8\modules\ext\commons-httpclient-3.0.jar;C:\Program Files\NetBeans 6.1 200711210000\ide8\modules\ext\commons-logging-1.0.4.jar;C:\Program Files\NetBeans 6.1 200711210000\mobility8\modules\ext\commons-codec-1.3.jar" />
    <property name="java.io.tmpdir" value="C:\DOCUME~1\TOSHIBA\LOCALS~1\Temp\" />
    <property name="java.vendor.url" value="http://java.sun.com/" />
    <property name="jspc.classpath" value="C:\Program Files\NetBeans 6.1 200711210000\java1\ant\lib\ant.jar:C:\Program Files\NetBeans 6.1 200711210000\enterprise4\modules\ext\servlet2.5-jsp2.1-api.jar:${j2ee.platform.classpath}:C:\Program Files\NetBeans 6.1 200711210000\enterprise4\modules\ext\glassfish-jspparser-2.0.jar:C:\Program Files\NetBeans 6.1 200711210000\enterprise4\modules\ext\glassfish-logging-2.0.jar:C:\Program Files\NetBeans 6.1 200711210000\ide8\modules\ext\commons-logging-1.0.4.jar:C:\Program Files\NetBeans 6.1 200711210000\java1\ant\lib\ant-launcher.jar" />
    <property name="deployments.NokiaDeployment.default.deployment.nokia.deploytoalldevices" value="yes" />
    <property name="libs.Encoder-COCO.src" value="" />
    <property name="sun.boot.library.path" value="C:\Program Files\Java\jdk1.6.0_03\jre\bin" />
    <property name="debug.classpath" value="${javac.classpath}:build/jar" />
    <property name="libs.woodstock-theme-default.runtime" value="C:\Program Files\NetBeans 6.1 200711210000\visualweb1\modules\ext\webui-jsf-suntheme.jar" />
    <property name="javadoc.private" value="false" />
    <property name="src.build.dir" value="src/jbiServiceUnits" />
    <property name="libs.DataBindingME-SVG.src" value="" />
    <property name="deployments.WebDAV.default.deployment.webdav.userid" value="" />
    <property name="dist.jar" value="dist/AirAlliance_SA.zip" />
    <property name="java.runtime.name" value="Java(TM) SE Runtime Environment" />
    <property name="deployments.Scp.default.deployment.scp.usekeyfile" value="no" />
    <property name="project.ReservationBPEL" value="../ReservationBPEL" />
    <property name="ant.project.name" value="" />
    <property name="netbeans.hash.code" value="unique=NB_CND_GLASSFISH_JAVA_MOB_RUBY_SOA_UML_WEBEE09171fd91-6136-4cee-84d0-fdc77e833ffd" />
    <property name="libs.jdbcsupport-designtime.javadoc" value="" />
    <property name="libs.j2me_ant_ext.maven-pom" value="" />
    <property name="sun.cpu.isalist" value="pentium_pro+mmx pentium_pro pentium+mmx pentium i486 i386 i86" />
    <property name="libs.CopyLibs.javadoc" value="" />
    <property name="libs.ActiveSync.javadoc" value="" />
    <property name="org.openide.specification.version" value="6.2" />
    <property name="libs.DataBindingME-PIM.classpath" value="C:\Program Files\NetBeans 6.1 200711210000\mobility8\modules\ext\netbeans_databindingme_pim.jar" />
    <property name="user.home" value="C:\Documents and Settings\TOSHIBA" />
    <property name="libs.exceptionhandler-runtime.classpath" value="C:\Program Files\NetBeans 6.1 200711210000\visualweb1\modules\ext\errorhandler.jar" />
    <property name="libs.NetBeans MIDP Components.classpath" value="C:\Program Files\NetBeans 6.1 200711210000\mobility8\modules\ext\netbeans_midp_components_basic.jar" />
    <property name="com.sun.jbi.routing" value="true" />
    <property name="libs.CopyLibs.maven-pom" value="" />
    <property name="libs.absolutelayout.javadoc" value="" />
    <property name="java.specification.name" value="Java Platform API Specification" />
    <property name="libs.webui.classpath" value="C:\Program Files\NetBeans 6.1 200711210000\visualweb1\modules\ext\webui.jar;C:\Program Files\NetBeans 6.1 200711210000\enterprise4\modules\ext\commons-fileupload-1.0.jar" />
    <property name="libs.swing-app-framework.maven-pom" value="" />
    <property name="libs.jakarta_slide_ant_webdav.maven-pom" value="" />
    <property name="libs.NetBeans MIDP Components WMA.classpath" value="C:\Program Files\NetBeans 6.1 200711210000\mobility8\modules\ext\netbeans_midp_components_wma.jar" />
    <property name="libs.Encoder-COCO.maven-pom" value="" />
    <property name="libs.woodstock-components.classpath" value="C:\Program Files\NetBeans 6.1 200711210000\visualweb1\modules\ext\webui-jsf.jar;C:\Program Files\NetBeans 6.1 200711210000\enterprise4\modules\ext\commons-fileupload-1.0.jar;C:\Program Files\NetBeans 6.1 200711210000\visualweb1\modules\ext\json-2.jar;C:\Program Files\NetBeans 6.1 200711210000\visualweb1\modules\ext\prototype-1.5.0.jar;C:\Program Files\NetBeans 6.1 200711210000\visualweb1\modules\ext\dojo-0.9.0.jar;C:\Program Files\NetBeans 6.1 200711210000\visualweb1\modules\ext\jsf-extensions-common-0.1.jar;C:\Program Files\NetBeans 6.1 200711210000\visualweb1\modules\ext\jsf-extensions-dynamic-faces-0.1.jar" />
    <property name="libs.cdc-agui-swing-layout.javadoc" value="" />
    <property name="java.specification.vendor" value="Sun Microsystems Inc." />
    <property name="libs.jdbcsupport-designtime.src" value="" />
    <property name="libs.javac-api.classpath" value="C:\Program Files\NetBeans 6.1 200711210000\java1\modules\ext\javac-api-nb-7.0-b07.jar" />
    <property name="java.version" value="1.6.0_03" />
    <property name="libs.nokiaS80-ant-utils.classpath" value="C:\Program Files\NetBeans 6.1 200711210000\mobility8\modules\ext\org-netbeans-modules-j2me-cdc-project-nokiaS80.jar" />
    <property name="javadoc.version" value="false" />
    <property name="libs.jbi.javadoc" value="" />
    <property name="libs.NetBeans MIDP Components WMA.javadoc" value="C:\Program Files\NetBeans 6.1 200711210000\mobility8\modules\docs\netbeans_midp_components_wma-api.zip" />
    <property name="libs.MySQLDriver.javadoc" value="" />
    <property name="org.openide.version" value="deprecated" />
    <property name="source.encoding" value="UTF-8" />
    <property name="libs.ActiveSync.maven-pom" value="" />
    <property name="libs.junit.maven-pom" value="" />
    <property name="libs.jsf12-support.src" value="C:\Program Files\NetBeans 6.1 200711210000\visualweb1\docs\appbase-src.zip;C:\Program Files\NetBeans 6.1 200711210000\visualweb1\docs\dataprovider-src.zip;C:\Program Files\NetBeans 6.1 200711210000\visualweb1\docs\jsfcl-src.zip" />
    <property name="libs.struts.maven-pom" value="" />
    <property name="netbeans.home+have.tests" value="true" />
    <property name="NetBeansUserDir" value="C:\Documents and Settings\TOSHIBA\.netbeans\dev" />
    <property name="test.dir" value="test" />
    <property name="libs.IdentityAntTasks.maven-pom" value="" />
    <property name="libs.Encoder-HL7.maven-pom" value="" />
    <property name="libs.cdc-ant-utils.src" value="" />
    <property name="libs.jaxb21.classpath" value="C:\Program Files\NetBeans 6.1 200711210000\java1\modules\ext\jaxws21\activation.jar;C:\Program Files\NetBeans 6.1 200711210000\java1\modules\ext\jaxws21\api\jaxb-api.jar;C:\Program Files\NetBeans 6.1 200711210000\java1\modules\ext\jaxws21\jaxb-impl.jar;C:\Program Files\NetBeans 6.1 200711210000\java1\modules\ext\jaxws21\jaxb-xjc.jar;C:\Program Files\NetBeans 6.1 200711210000\java1\modules\ext\jaxws21\api\jsr173_api.jar" />
    <property name="deployment.Ftp.scriptfile" value="C:\Program Files\NetBeans 6.1 200711210000\mobility8\modules\scr\deploy-ftp-impl.xml" />
    <property name="ant.file.AirAlliance_SA-jbi-impl" value="E:\work\AirAlliance\AirAlliance_SA\nbproject\build-impl.xml" />
    <property name="libs.jbi.src" value="" />
    <property name="dist.javadoc.dir" value="dist/javadoc" />
    <property name="module.install.dir" value="C:\Program Files\NetBeans 6.1 200711210000\soa1\modules" />
    <property name="libs.swing-layout.classpath" value="C:\Program Files\NetBeans 6.1 200711210000\platform7\modules\ext\swing-layout-1.0.3.jar" />
    <property name="deployments.Ftp.default.deployment.ftp.port" value="21" />
    <property name="javac.source" value="1.4" />
    <property name="build.generated.dir" value="build/generated" />
    <property name="libs.proguard.src" value="" />
    <property name="line.separator" value="
" />
    <property name="libs.nb_svg_midp_components.javadoc" value="C:\Program Files\NetBeans 6.1 200711210000\mobility8\modules\docs\nb_svg_midp_components-api.zip" />
    <property name="java.specification.version" value="1.6" />
    <property name="java.vm.info" value="mixed mode, sharing" />
    <property name="libs.jaxws21.maven-pom" value="" />
    <property name="libs.cdc-ant-utils.javadoc" value="" />
    <property name="deployment.RicohDeployment.scriptfile" value="C:\Program Files\NetBeans 6.1 200711210000\mobility8\modules\scr\deploy-ricoh-impl.xml" />
    <property name="netbeans.logger.console" value="true" />
    <property name="libs.jsf12-support.classpath" value="C:\Program Files\NetBeans 6.1 200711210000\visualweb1\modules\ext\jsfcl.jar;C:\Program Files\NetBeans 6.1 200711210000\visualweb1\modules\ext\appbase.jar;C:\Program Files\NetBeans 6.1 200711210000\visualweb1\modules\ext\dataprovider.jar;C:\Program Files\NetBeans 6.1 200711210000\visualweb1\modules\ext\sqlx.jar" />
    <property name="sun.boot.class.path" value="C:\Program Files\Java\jdk1.6.0_03\jre\lib\resources.jar;C:\Program Files\Java\jdk1.6.0_03\jre\lib\rt.jar;C:\Program Files\Java\jdk1.6.0_03\jre\lib\sunrsasign.jar;C:\Program Files\Java\jdk1.6.0_03\jre\lib\jsse.jar;C:\Program Files\Java\jdk1.6.0_03\jre\lib\jce.jar;C:\Program Files\Java\jdk1.6.0_03\jre\lib\charsets.jar;C:\Program Files\Java\jdk1.6.0_03\jre\classes" />
    <property name="libs.woodstock-components.javadoc" value="C:\Program Files\NetBeans 6.1 200711210000\visualweb1\docs\webui-jsf-doc.zip;C:\Program Files\NetBeans 6.1 200711210000\visualweb1\docs\webui-jsf-tld.zip" />
    <property name="javac.target" value="1.4" />
    <property name="libs.Encoder-Framework.maven-pom" value="" />
    <property name="src.dir" value="src/jbiasa" />
    <property name="libs.IdentityAntTasks.javadoc" value="" />
    <property name="sun.awt.keepWorkingSetOnMinimize" value="true" />
    <property name="libs.proguard.maven-pom" value="" />
    <property name="libs.DataBindingME-SVG.maven-pom" value="" />
    <property name="libs.jsf12.src" value="" />
    <property name="libs.nokiadeployment.src" value="" />
    <property name="j2ee.platform" value="1.4" />
    <property name="libs.savaje-ant-utils.javadoc" value="" />
    <property name="libs.JAVADB_DRIVER_LABEL.maven-pom" value="" />
    <property name="nbplatform.default.netbeans.dest.dir" value="C:\Program Files\NetBeans 6.1 200711210000" />
    <property name="libs.struts.javadoc" value="C:\Program Files\NetBeans 6.1 200711210000\enterprise4\docs\struts-1.2.9-javadoc.zip" />
    <property name="platforms.Sun_Java_TM__Wireless_Toolkit_2_5_2_for_CLDC.debugcommandline" value="" />
    <property name="libs.cdc-ant-utils.maven-pom" value="" />
    <property name="deployments.Ftp.default.deployment.ftp.separator" value="/" />
    <property name="libs.cdc-agui-swing-layout.classpath" value="C:\Program Files\NetBeans 6.1 200711210000\mobility8\modules\ext\cdc-agui-swing-layout.jar" />
    <property name="libs.webui-designtime.classpath" value="C:\Program Files\NetBeans 6.1 200711210000\visualweb1\modules\ext\webui.jar;C:\Program Files\NetBeans 6.1 200711210000\enterprise4\modules\ext\commons-fileupload-1.0.jar" />
    <property name="dist.dir" value="dist" />
    <property name="deployments.NokiaDeployment.default.deployment.nokia.selecteddevices" value="" />
    <property name="inDebug" value="${inDebug}" />
    <property name="java.awt.printerjob" value="sun.awt.windows.WPrinterJob" />
    <property name="libs.JMUnit4CLDC10.classpath" value="C:\Program Files\NetBeans 6.1 200711210000\mobility8\modules\ext\jmunit4cldc10-1.0.1.jar" />
    <property name="default.javac.source" value="1.6" />
    <property name="sun.jnu.encoding" value="Cp1252" />
    <property name="libs.MySQLDriver.src" value="" />
    <property name="jbi.service-assembly.id" value="AirAlliance_SA" />
    <property name="libs.Encoder-COCO.javadoc" value="" />
    <property name="deployment.Copy.scriptfile" value="C:\Program Files\NetBeans 6.1 200711210000\mobility8\modules\scr\deploy-copy-impl.xml" />
    <property name="libs.ant-contrib.maven-pom" value="" />
    <property name="libs.woodstock-components.src" value="C:\Program Files\NetBeans 6.1 200711210000\visualweb1\docs\webui-jsf-src.zip" />
    <property name="libs.nokiadeployment.javadoc" value="" />
    <property name="java.runtime.version" value="1.6.0_03-b05" />
    <property name="libs.NetBeans MIDP Components.src" value="C:\Program Files\NetBeans 6.1 200711210000\mobility8\sources\netbeans_midp_components_basic-src.zip" />
    <property name="libs.wsdl4j.162.classpath" value="C:\Documents and Settings\TOSHIBA\.netbeans\dev\modules\ext\wsdl4j-1.6.2.jar" />
    <property name="jbi.service-assembly.description" value="Represents the Service Assembly of AirAlliance_SA" />
    <property name="default.javac.target" value="1.6" />
    <property name="libs.junit_4.classpath" value="C:\Program Files\NetBeans 6.1 200711210000\java1\modules\ext\junit-4.1.jar" />
    <property name="user.timezone" value="" />
    <property name="libs.jsfsupport-designtime.src" value="C:\Program Files\NetBeans 6.1 200711210000\visualweb1\docs\appbase-src.zip;C:\Program Files\NetBeans 6.1 200711210000\visualweb1\docs\dataprovider-src.zip;C:\Program Files\NetBeans 6.1 200711210000\visualweb1\docs\jsfcl-src.zip" />
    <property name="libs.ant-contrib.src" value="" />
    <property name="libs.JAVADB_DRIVER_LABEL.javadoc" value="" />
    <property name="netbeans.dirs" value="C:\Program Files\NetBeans 6.1 200711210000\nb6.0;C:\Program Files\NetBeans 6.1 200711210000\ide8;C:\Program Files\NetBeans 6.1 200711210000\java1;C:\Program Files\NetBeans 6.1 200711210000\xml1;C:\Program Files\NetBeans 6.1 200711210000\apisupport1;C:\Program Files\NetBeans 6.1 200711210000\enterprise4;C:\Program Files\NetBeans 6.1 200711210000\mobility8;C:\Program Files\NetBeans 6.1 200711210000\profiler2;C:\Program Files\NetBeans 6.1 200711210000\ruby1;C:\Program Files\NetBeans 6.1 200711210000\visualweb1;C:\Program Files\NetBeans 6.1 200711210000\soa1;C:\Program Files\NetBeans 6.1 200711210000\identity1;C:\Program Files\NetBeans 6.1 200711210000\uml4;C:\Program Files\NetBeans 6.1 200711210000\harness;C:\Program Files\NetBeans 6.1 200711210000\cnd1;C:\Program Files\NetBeans 6.1 200711210000\extra" />
    <property name="libs.exceptionhandler-runtime.src" value="" />
    <property name="java.ext.dirs" value="C:\Program Files\Java\jdk1.6.0_03\jre\lib\ext;C:\WINDOWS\Sun\Java\lib\ext" />
    <property name="libs.savaje-ant-utils.maven-pom" value="" />
    <property name="libs.semc-ant-utils.src" value="" />
    <property name="libs.absolutelayout.classpath" value="C:\Program Files\NetBeans 6.1 200711210000\java1\modules\ext\AbsoluteLayout.jar" />
    <property name="libs.DataBindingME.javadoc" value="C:\Program Files\NetBeans 6.1 200711210000\mobility8\modules\docs\netbeans_databindingme-api.zip" />
    <property name="apple.laf.useScreenMenuBar" value="true" />
    <property name="java.class.path" value="C:\Program Files\NetBeans 6.1 200711210000\soa1\modules\org-netbeans-modules-compapp-manager-jbi.jar;C:\Program Files\NetBeans 6.1 200711210000\soa1\modules\ext\jbi\catd.jar;C:\Program Files\NetBeans 6.1 200711210000\soa1\modules\ext\jbi\xmlunit-1.0.jar;C:\Program Files\NetBeans 6.1 200711210000\java1\modules\ext\junit-3.8.2.jar;C:\Program Files\NetBeans 6.1 200711210000\java1\modules\ext\jaxws21\api\saaj-api.jar;C:\Program Files\NetBeans 6.1 200711210000\java1\modules\ext\jaxws21\saaj-impl.jar;C:\Program Files\NetBeans 6.1 200711210000\java1\modules\ext\jaxws21\FastInfoset.jar;C:\Program Files\NetBeans 6.1 200711210000\ide8\modules\org-netbeans-modules-xml-xdm.jar;C:\Program Files\NetBeans 6.1 200711210000\ide8\modules\org-netbeans-modules-xml-xam.jar;C:\Program Files\NetBeans 6.1 200711210000\ide8\modules\org-netbeans-modules-editor-lib.jar;C:\Program Files\NetBeans 6.1 200711210000\ide8\modules\org-netbeans-modules-xml-text.jar;C:\Program Files\NetBeans 6.1 200711210000\ide8\modules\org-netbeans-modules-editor.jar;C:\Program Files\NetBeans 6.1 200711210000\ide8\modules\org-netbeans-modules-editor-util.jar;C:\Program Files\NetBeans 6.1 200711210000\ide8\modules\org-netbeans-modules-xml-core.jar;C:\Program Files\NetBeans 6.1 200711210000\ide8\modules\org-netbeans-modules-editor-lib2.jar;C:\Program Files\NetBeans 6.1 200711210000\platform7\lib\org-openide-modules.jar;C:\Program Files\NetBeans 6.1 200711210000\platform7\lib\org-openide-util.jar;C:\Program Files\NetBeans 6.1 200711210000\platform7\modules\org-openide-options.jar;C:\Program Files\NetBeans 6.1 200711210000\platform7\modules\org-openide-text.jar;C:\Program Files\NetBeans 6.1 200711210000\platform7\modules\org-openide-loaders.jar;C:\Program Files\NetBeans 6.1 200711210000\platform7\modules\org-openide-nodes.jar;C:\Program Files\NetBeans 6.1 200711210000\platform7\modules\org-netbeans-modules-editor-mimelookup.jar;C:\Program Files\NetBeans 6.1 200711210000\platform7\core\org-openide-filesystems.jar;C:\Program Files\NetBeans 6.1 200711210000\java1\ant\lib\ant-launcher.jar;C:\Program Files\NetBeans 6.1 200711210000\java1\ant\lib\ant.jar;C:\Program Files\NetBeans 6.1 200711210000\java1\ant\lib\ant-junit.jar" />
    <property name="jbi.content.component" value="sun-bpel-engine" />
    <property name="libs.webui-designtime.javadoc" value="C:\Program Files\NetBeans 6.1 200711210000\visualweb1\docs\webui-doc.zip" />
    <property name="libs.absolutelayout.src" value="" />
    <property name="libs.cdc-pp-awt-layout.maven-pom" value="" />
    <property name="os.version" value="5.1" />
    <property name="libs.JMUnit4CLDC11.maven-pom" value="" />
    <property name="libs.toplink.javadoc" value="C:\Program Files\NetBeans 6.1 200711210000\enterprise4\docs\javaee5-doc-api.zip" />
    <property name="sun.desktop" value="windows" />
    <property name="deployments.Ftp.default.deployment.ftp.userid" value="" />
    <property name="libs.nb_svg_midp_components.maven-pom" value="" />
    <property name="libs.ricoh-ant-utils.javadoc" value="" />
    <property name="libs.NetBeans MIDP Components PDA.maven-pom" value="" />
    <property name="java.awt.graphicsenv" value="sun.awt.Win32GraphicsEnvironment" />
    <property name="libs.beans-binding.javadoc" value="C:\Program Files\NetBeans 6.1 200711210000\java1\docs\beansbinding-1.2.1-doc.zip" />
    <property name="rave.version" value="2.0.0" />
    <property name="java.vm.vendor" value="Sun Microsystems Inc." />
    <property name="libs.CopyLibs.classpath" value="C:\Program Files\NetBeans 6.1 200711210000\java1\ant\extra\org-netbeans-modules-java-j2seproject-copylibstask.jar" />
    <property name="deployment.SonnyEricsson.scriptfile" value="C:\Program Files\NetBeans 6.1 200711210000\mobility8\modules\scr\deploy-sonyericsson-impl.xml" />
    <property name="libs.Encoder-COCO.classpath" value="C:\Documents and Settings\TOSHIBA\.netbeans\dev\modules\ext\encoder\coco.jar;C:\Documents and Settings\TOSHIBA\.netbeans\dev\modules\ext\encoder\cocoencoder-xsdextension.jar" />
    <property name="libs.DataBindingME-PIM.src" value="" />
    <property name="libs.PostgreSQLDriver.classpath" value="C:\Program Files\NetBeans 6.1 200711210000\ide8\modules\ext\postgresql-8.2-506.jdbc3.jar" />
    <property name="libs.jsf12.maven-pom" value="" />
    <property name="libs.Encoder-Custom.src" value="" />
    <property name="libs.junit.src" value="" />
    <property name="build.dir" value="build" />
    <property name="libs.CopyLibs.src" value="" />
    <property name="ant.version" value="Apache Ant version 1.7.0 compiled on December 13 2006" />
    <property name="file.encoding" value="Cp1252" />
    <property name="build.classes.excludes" value="**/*.java,**/*.form,**/.nbattrs" />
    <property name="javadoc.nonavbar" value="false" />
    <property name="deployments.Scp.default.deployment.scp.passphrase" value="" />
    <property name="platform.active" value="default_platform" />
    <property name="awt.toolkit" value="sun.awt.windows.WToolkit" />
  </properties>
  <testcase classname="org.netbeans.modules.compapp.catd.ConfiguredTest" name="TestReservation" time="30.047">
    <failure message=" Passed. Threads count Success: &lt;0&gt; Error: &lt;0&gt; Not completed: &lt;1&gt;
Details: 
&lt;Concurrent test thread 0&gt; did not complete. Success rate 0/1 
" type="junit.framework.AssertionFailedError">junit.framework.AssertionFailedError:  Passed. Threads count Success: &lt;0&gt; Error: &lt;0&gt; Not completed: &lt;1&gt;
Details: 
&lt;Concurrent test thread 0&gt; did not complete. Success rate 0/1 

	at org.netbeans.modules.compapp.catd.ConfiguredTest.testConcurrentSOAPRequest(ConfiguredTest.java:781)
</failure>
  </testcase>
  <system-out><![CDATA[{java.runtime.name=Java(TM) SE Runtime Environment, sun.boot.library.path=C:\Program Files\Java\jdk1.6.0_03\jre\bin, java.vm.version=1.6.0_03-b05, java.vm.vendor=Sun Microsystems Inc., java.vendor.url=http://java.sun.com/, path.separator=;, java.vm.name=Java HotSpot(TM) Client VM, file.encoding.pkg=sun.io, sun.java.launcher=SUN_STANDARD, user.country=US, sun.os.patch.level=Service Pack 2, java.vm.specification.name=Java Virtual Machine Specification, user.dir=E:\work\AirAlliance\AirAlliance_SA, java.runtime.version=1.6.0_03-b05, java.awt.graphicsenv=sun.awt.Win32GraphicsEnvironment, inDebug=${inDebug}, java.endorsed.dirs=C:\Program Files\Java\jdk1.6.0_03\jre\lib\endorsed, os.arch=x86, java.io.tmpdir=C:\DOCUME~1\TOSHIBA\LOCALS~1\Temp\, line.separator=
, java.vm.specification.vendor=Sun Microsystems Inc., user.variant=, os.name=Windows XP, sun.jnu.encoding=Cp1252, java.library.path=C:\Program Files\Java\jdk1.6.0_03\jre\bin;.;C:\WINDOWS\Sun\Java\bin;C:\WINDOWS\system32;C:\WINDOWS;C:\WINDOWS\system32;C:\WINDOWS;C:\WINDOWS\System32\Wbem, java.specification.name=Java Platform API Specification, java.class.version=50.0, sun.management.compiler=HotSpot Client Compiler, os.version=5.1, user.home=C:\Documents and Settings\TOSHIBA, user.timezone=America/Los_Angeles, java.awt.printerjob=sun.awt.windows.WPrinterJob, file.encoding=Cp1252, java.specification.version=1.6, java.class.path=C:\Program Files\NetBeans 6.1 200711210000\soa1\modules\org-netbeans-modules-compapp-manager-jbi.jar;C:\Program Files\NetBeans 6.1 200711210000\soa1\modules\ext\jbi\catd.jar;C:\Program Files\NetBeans 6.1 200711210000\soa1\modules\ext\jbi\xmlunit-1.0.jar;C:\Program Files\NetBeans 6.1 200711210000\java1\modules\ext\junit-3.8.2.jar;C:\Program Files\NetBeans 6.1 200711210000\java1\modules\ext\jaxws21\api\saaj-api.jar;C:\Program Files\NetBeans 6.1 200711210000\java1\modules\ext\jaxws21\saaj-impl.jar;C:\Program Files\NetBeans 6.1 200711210000\java1\modules\ext\jaxws21\FastInfoset.jar;C:\Program Files\NetBeans 6.1 200711210000\ide8\modules\org-netbeans-modules-xml-xdm.jar;C:\Program Files\NetBeans 6.1 200711210000\ide8\modules\org-netbeans-modules-xml-xam.jar;C:\Program Files\NetBeans 6.1 200711210000\ide8\modules\org-netbeans-modules-editor-lib.jar;C:\Program Files\NetBeans 6.1 200711210000\ide8\modules\org-netbeans-modules-xml-text.jar;C:\Program Files\NetBeans 6.1 200711210000\ide8\modules\org-netbeans-modules-editor.jar;C:\Program Files\NetBeans 6.1 200711210000\ide8\modules\org-netbeans-modules-editor-util.jar;C:\Program Files\NetBeans 6.1 200711210000\ide8\modules\org-netbeans-modules-xml-core.jar;C:\Program Files\NetBeans 6.1 200711210000\ide8\modules\org-netbeans-modules-editor-lib2.jar;C:\Program Files\NetBeans 6.1 200711210000\platform7\lib\org-openide-modules.jar;C:\Program Files\NetBeans 6.1 200711210000\platform7\lib\org-openide-util.jar;C:\Program Files\NetBeans 6.1 200711210000\platform7\modules\org-openide-options.jar;C:\Program Files\NetBeans 6.1 200711210000\platform7\modules\org-openide-text.jar;C:\Program Files\NetBeans 6.1 200711210000\platform7\modules\org-openide-loaders.jar;C:\Program Files\NetBeans 6.1 200711210000\platform7\modules\org-openide-nodes.jar;C:\Program Files\NetBeans 6.1 200711210000\platform7\modules\org-netbeans-modules-editor-mimelookup.jar;C:\Program Files\NetBeans 6.1 200711210000\platform7\core\org-openide-filesystems.jar;C:\Program Files\NetBeans 6.1 200711210000\java1\ant\lib\ant-launcher.jar;C:\Program Files\NetBeans 6.1 200711210000\java1\ant\lib\ant.jar;C:\Program Files\NetBeans 6.1 200711210000\java1\ant\lib\ant-junit.jar, user.name=TOSHIBA, java.vm.specification.version=1.0, java.home=C:\Program Files\Java\jdk1.6.0_03\jre, sun.arch.data.model=32, user.language=en, java.specification.vendor=Sun Microsystems Inc., NetBeansUserDir=C:\Documents and Settings\TOSHIBA\.netbeans\dev, awt.toolkit=sun.awt.windows.WToolkit, java.vm.info=mixed mode, sharing, java.version=1.6.0_03, java.ext.dirs=C:\Program Files\Java\jdk1.6.0_03\jre\lib\ext;C:\WINDOWS\Sun\Java\lib\ext, sun.boot.class.path=C:\Program Files\Java\jdk1.6.0_03\jre\lib\resources.jar;C:\Program Files\Java\jdk1.6.0_03\jre\lib\rt.jar;C:\Program Files\Java\jdk1.6.0_03\jre\lib\sunrsasign.jar;C:\Program Files\Java\jdk1.6.0_03\jre\lib\jsse.jar;C:\Program Files\Java\jdk1.6.0_03\jre\lib\jce.jar;C:\Program Files\Java\jdk1.6.0_03\jre\lib\charsets.jar;C:\Program Files\Java\jdk1.6.0_03\jre\classes, java.vendor=Sun Microsystems Inc., file.separator=\, java.vendor.url.bug=http://java.sun.com/cgi-bin/bugreport.cgi, sun.io.unicode.encoding=UnicodeLittle, sun.cpu.endian=little, sun.desktop=windows, sun.cpu.isalist=pentium_pro+mmx pentium_pro pentium+mmx pentium i486 i386 i86}
Test TestReservation\Concurrent.properties Failed.
]]></system-out>
  <system-err><![CDATA[]]></system-err>
</testsuite>
